c:\users\23980\source\repos\greyddos\greyddos\debug\vc141.pdb
c:\users\23980\source\repos\greyddos\greyddos\debug\vc141.idb
c:\users\23980\source\repos\greyddos\greyddos\debug\greyddosdlg.obj
c:\users\23980\source\repos\greyddos\greyddos\debug\greyddos.obj
c:\users\23980\source\repos\greyddos\greyddos\debug\attacksocket.obj
c:\users\23980\source\repos\greyddos\greyddos\debug\greyddos.pch
c:\users\23980\source\repos\greyddos\greyddos\debug\stdafx.obj
c:\users\23980\source\repos\greyddos\greyddos\debug\updatelogdlg.obj
c:\users\23980\source\repos\greyddos\debug\greyddos.exe
c:\users\23980\source\repos\greyddos\debug\greyddos.ilk
c:\users\23980\source\repos\greyddos\debug\greyddos.pdb
c:\users\23980\source\repos\greyddos\greyddos\debug\greyddos.res
c:\users\23980\source\repos\greyddos\greyddos\debug\greyddos.tlog\cl.command.1.tlog
c:\users\23980\source\repos\greyddos\greyddos\debug\greyddos.tlog\cl.read.1.tlog
c:\users\23980\source\repos\greyddos\greyddos\debug\greyddos.tlog\cl.write.1.tlog
c:\users\23980\source\repos\greyddos\greyddos\debug\greyddos.tlog\link.command.1.tlog
c:\users\23980\source\repos\greyddos\greyddos\debug\greyddos.tlog\link.read.1.tlog
c:\users\23980\source\repos\greyddos\greyddos\debug\greyddos.tlog\link.write.1.tlog
c:\users\23980\source\repos\greyddos\greyddos\debug\greyddos.tlog\rc.command.1.tlog
c:\users\23980\source\repos\greyddos\greyddos\debug\greyddos.tlog\rc.read.1.tlog
c:\users\23980\source\repos\greyddos\greyddos\debug\greyddos.tlog\rc.write.1.tlog
