c:\users\23980\source\repos\greyddos\greyddos\release\vc141.pdb
c:\users\23980\source\repos\greyddos\greyddos\release\greyddosdlg.obj
c:\users\23980\source\repos\greyddos\greyddos\release\greyddos.obj
c:\users\23980\source\repos\greyddos\greyddos\release\greyddos.pch
c:\users\23980\source\repos\greyddos\greyddos\release\stdafx.obj
c:\users\23980\source\repos\greyddos\greyddos\release\updatelogdlg.obj
c:\users\23980\source\repos\greyddos\release\greyddos.ipdb
c:\users\23980\source\repos\greyddos\release\greyddos.iobj
c:\users\23980\source\repos\greyddos\release\greyddos.exe
c:\users\23980\source\repos\greyddos\release\greyddos.pdb
c:\users\23980\source\repos\greyddos\greyddos\release\greyddos.res
c:\users\23980\source\repos\greyddos\greyddos\release\greyddos.tlog\cl.command.1.tlog
c:\users\23980\source\repos\greyddos\greyddos\release\greyddos.tlog\cl.read.1.tlog
c:\users\23980\source\repos\greyddos\greyddos\release\greyddos.tlog\cl.write.1.tlog
c:\users\23980\source\repos\greyddos\greyddos\release\greyddos.tlog\greyddos.write.1u.tlog
c:\users\23980\source\repos\greyddos\greyddos\release\greyddos.tlog\link.command.1.tlog
c:\users\23980\source\repos\greyddos\greyddos\release\greyddos.tlog\link.read.1.tlog
c:\users\23980\source\repos\greyddos\greyddos\release\greyddos.tlog\link.write.1.tlog
c:\users\23980\source\repos\greyddos\greyddos\release\greyddos.tlog\rc.command.1.tlog
c:\users\23980\source\repos\greyddos\greyddos\release\greyddos.tlog\rc.read.1.tlog
c:\users\23980\source\repos\greyddos\greyddos\release\greyddos.tlog\rc.write.1.tlog
